<?xml version="1.0" encoding="UTF-8"?>
<testsuite xmlns:xsi="http://www.w3.org/2001/XMLSchema-instance" xsi:noNamespaceSchemaLocation="https://maven.apache.org/surefire/maven-surefire-plugin/xsd/surefire-test-report.xsd" name="com.example.selenium.SeleniumApplicationTests" time="8.276" tests="1" errors="1" skipped="0" failures="0">
  <properties>
    <property name="gopherProxySet" value="false"/>
    <property name="awt.toolkit" value="sun.lwawt.macosx.LWCToolkit"/>
    <property name="file.encoding.pkg" value="sun.io"/>
    <property name="java.specification.version" value="1.8"/>
    <property name="sun.cpu.isalist" value=""/>
    <property name="sun.jnu.encoding" value="UTF-8"/>
    <property name="java.class.path" value="/Users/pull/ideaProjects/selenium/target/test-classes:/Users/pull/ideaProjects/selenium/target/classes:/Users/pull/repository/mljr/org/springframework/boot/spring-boot-starter-aop/2.1.2.RELEASE/spring-boot-starter-aop-2.1.2.RELEASE.jar:/Users/pull/repository/mljr/org/springframework/boot/spring-boot-starter/2.1.2.RELEASE/spring-boot-starter-2.1.2.RELEASE.jar:/Users/pull/repository/mljr/org/springframework/boot/spring-boot/2.1.2.RELEASE/spring-boot-2.1.2.RELEASE.jar:/Users/pull/repository/mljr/org/springframework/boot/spring-boot-autoconfigure/2.1.2.RELEASE/spring-boot-autoconfigure-2.1.2.RELEASE.jar:/Users/pull/repository/mljr/org/springframework/boot/spring-boot-starter-logging/2.1.2.RELEASE/spring-boot-starter-logging-2.1.2.RELEASE.jar:/Users/pull/repository/mljr/ch/qos/logback/logback-classic/1.2.3/logback-classic-1.2.3.jar:/Users/pull/repository/mljr/ch/qos/logback/logback-core/1.2.3/logback-core-1.2.3.jar:/Users/pull/repository/mljr/org/apache/logging/log4j/log4j-to-slf4j/2.11.1/log4j-to-slf4j-2.11.1.jar:/Users/pull/repository/mljr/org/apache/logging/log4j/log4j-api/2.11.1/log4j-api-2.11.1.jar:/Users/pull/repository/mljr/org/slf4j/jul-to-slf4j/1.7.25/jul-to-slf4j-1.7.25.jar:/Users/pull/repository/mljr/javax/annotation/javax.annotation-api/1.3.2/javax.annotation-api-1.3.2.jar:/Users/pull/repository/mljr/org/yaml/snakeyaml/1.23/snakeyaml-1.23.jar:/Users/pull/repository/mljr/org/springframework/spring-aop/5.1.4.RELEASE/spring-aop-5.1.4.RELEASE.jar:/Users/pull/repository/mljr/org/springframework/spring-beans/5.1.4.RELEASE/spring-beans-5.1.4.RELEASE.jar:/Users/pull/repository/mljr/org/aspectj/aspectjweaver/1.9.2/aspectjweaver-1.9.2.jar:/Users/pull/repository/mljr/org/springframework/boot/spring-boot-starter-web/2.1.2.RELEASE/spring-boot-starter-web-2.1.2.RELEASE.jar:/Users/pull/repository/mljr/org/springframework/boot/spring-boot-starter-json/2.1.2.RELEASE/spring-boot-starter-json-2.1.2.RELEASE.jar:/Users/pull/repository/mljr/com/fasterxml/jackson/core/jackson-databind/2.9.8/jackson-databind-2.9.8.jar:/Users/pull/repository/mljr/com/fasterxml/jackson/core/jackson-annotations/2.9.0/jackson-annotations-2.9.0.jar:/Users/pull/repository/mljr/com/fasterxml/jackson/core/jackson-core/2.9.8/jackson-core-2.9.8.jar:/Users/pull/repository/mljr/com/fasterxml/jackson/datatype/jackson-datatype-jdk8/2.9.8/jackson-datatype-jdk8-2.9.8.jar:/Users/pull/repository/mljr/com/fasterxml/jackson/datatype/jackson-datatype-jsr310/2.9.8/jackson-datatype-jsr310-2.9.8.jar:/Users/pull/repository/mljr/com/fasterxml/jackson/module/jackson-module-parameter-names/2.9.8/jackson-module-parameter-names-2.9.8.jar:/Users/pull/repository/mljr/org/springframework/boot/spring-boot-starter-tomcat/2.1.2.RELEASE/spring-boot-starter-tomcat-2.1.2.RELEASE.jar:/Users/pull/repository/mljr/org/apache/tomcat/embed/tomcat-embed-core/9.0.14/tomcat-embed-core-9.0.14.jar:/Users/pull/repository/mljr/org/apache/tomcat/embed/tomcat-embed-el/9.0.14/tomcat-embed-el-9.0.14.jar:/Users/pull/repository/mljr/org/apache/tomcat/embed/tomcat-embed-websocket/9.0.14/tomcat-embed-websocket-9.0.14.jar:/Users/pull/repository/mljr/org/hibernate/validator/hibernate-validator/6.0.14.Final/hibernate-validator-6.0.14.Final.jar:/Users/pull/repository/mljr/javax/validation/validation-api/2.0.1.Final/validation-api-2.0.1.Final.jar:/Users/pull/repository/mljr/org/jboss/logging/jboss-logging/3.3.2.Final/jboss-logging-3.3.2.Final.jar:/Users/pull/repository/mljr/com/fasterxml/classmate/1.4.0/classmate-1.4.0.jar:/Users/pull/repository/mljr/org/springframework/spring-web/5.1.4.RELEASE/spring-web-5.1.4.RELEASE.jar:/Users/pull/repository/mljr/org/springframework/spring-webmvc/5.1.4.RELEASE/spring-webmvc-5.1.4.RELEASE.jar:/Users/pull/repository/mljr/org/springframework/spring-context/5.1.4.RELEASE/spring-context-5.1.4.RELEASE.jar:/Users/pull/repository/mljr/org/springframework/spring-expression/5.1.4.RELEASE/spring-expression-5.1.4.RELEASE.jar:/Users/pull/repository/mljr/org/mybatis/spring/boot/mybatis-spring-boot-starter/1.3.2/mybatis-spring-boot-starter-1.3.2.jar:/Users/pull/repository/mljr/org/springframework/boot/spring-boot-starter-jdbc/2.1.2.RELEASE/spring-boot-starter-jdbc-2.1.2.RELEASE.jar:/Users/pull/repository/mljr/com/zaxxer/HikariCP/3.2.0/HikariCP-3.2.0.jar:/Users/pull/repository/mljr/org/springframework/spring-jdbc/5.1.4.RELEASE/spring-jdbc-5.1.4.RELEASE.jar:/Users/pull/repository/mljr/org/springframework/spring-tx/5.1.4.RELEASE/spring-tx-5.1.4.RELEASE.jar:/Users/pull/repository/mljr/org/mybatis/spring/boot/mybatis-spring-boot-autoconfigure/1.3.2/mybatis-spring-boot-autoconfigure-1.3.2.jar:/Users/pull/repository/mljr/org/mybatis/mybatis/3.4.6/mybatis-3.4.6.jar:/Users/pull/repository/mljr/org/mybatis/mybatis-spring/1.3.2/mybatis-spring-1.3.2.jar:/Users/pull/repository/mljr/mysql/mysql-connector-java/8.0.13/mysql-connector-java-8.0.13.jar:/Users/pull/repository/mljr/org/projectlombok/lombok/1.18.4/lombok-1.18.4.jar:/Users/pull/repository/mljr/org/springframework/boot/spring-boot-starter-test/2.1.2.RELEASE/spring-boot-starter-test-2.1.2.RELEASE.jar:/Users/pull/repository/mljr/org/springframework/boot/spring-boot-test/2.1.2.RELEASE/spring-boot-test-2.1.2.RELEASE.jar:/Users/pull/repository/mljr/org/springframework/boot/spring-boot-test-autoconfigure/2.1.2.RELEASE/spring-boot-test-autoconfigure-2.1.2.RELEASE.jar:/Users/pull/repository/mljr/com/jayway/jsonpath/json-path/2.4.0/json-path-2.4.0.jar:/Users/pull/repository/mljr/net/minidev/json-smart/2.3/json-smart-2.3.jar:/Users/pull/repository/mljr/net/minidev/accessors-smart/1.2/accessors-smart-1.2.jar:/Users/pull/repository/mljr/org/ow2/asm/asm/5.0.4/asm-5.0.4.jar:/Users/pull/repository/mljr/org/slf4j/slf4j-api/1.7.25/slf4j-api-1.7.25.jar:/Users/pull/repository/mljr/org/assertj/assertj-core/3.11.1/assertj-core-3.11.1.jar:/Users/pull/repository/mljr/org/mockito/mockito-core/2.23.4/mockito-core-2.23.4.jar:/Users/pull/repository/mljr/net/bytebuddy/byte-buddy/1.9.7/byte-buddy-1.9.7.jar:/Users/pull/repository/mljr/net/bytebuddy/byte-buddy-agent/1.9.7/byte-buddy-agent-1.9.7.jar:/Users/pull/repository/mljr/org/objenesis/objenesis/2.6/objenesis-2.6.jar:/Users/pull/repository/mljr/org/hamcrest/hamcrest-core/1.3/hamcrest-core-1.3.jar:/Users/pull/repository/mljr/org/hamcrest/hamcrest-library/1.3/hamcrest-library-1.3.jar:/Users/pull/repository/mljr/org/skyscreamer/jsonassert/1.5.0/jsonassert-1.5.0.jar:/Users/pull/repository/mljr/com/vaadin/external/google/android-json/0.0.20131108.vaadin1/android-json-0.0.20131108.vaadin1.jar:/Users/pull/repository/mljr/org/springframework/spring-core/5.1.4.RELEASE/spring-core-5.1.4.RELEASE.jar:/Users/pull/repository/mljr/org/springframework/spring-jcl/5.1.4.RELEASE/spring-jcl-5.1.4.RELEASE.jar:/Users/pull/repository/mljr/org/springframework/spring-test/5.1.4.RELEASE/spring-test-5.1.4.RELEASE.jar:/Users/pull/repository/mljr/org/xmlunit/xmlunit-core/2.6.2/xmlunit-core-2.6.2.jar:/Users/pull/repository/mljr/org/seleniumhq/selenium/selenium-java/2.46.0/selenium-java-2.46.0.jar:/Users/pull/repository/mljr/org/seleniumhq/selenium/selenium-chrome-driver/3.14.0/selenium-chrome-driver-3.14.0.jar:/Users/pull/repository/mljr/org/seleniumhq/selenium/selenium-api/3.14.0/selenium-api-3.14.0.jar:/Users/pull/repository/mljr/org/seleniumhq/selenium/selenium-remote-driver/3.14.0/selenium-remote-driver-3.14.0.jar:/Users/pull/repository/mljr/org/apache/commons/commons-exec/1.3/commons-exec-1.3.jar:/Users/pull/repository/mljr/commons-codec/commons-codec/1.11/commons-codec-1.11.jar:/Users/pull/repository/mljr/commons-logging/commons-logging/1.2/commons-logging-1.2.jar:/Users/pull/repository/mljr/com/google/guava/guava/25.0-jre/guava-25.0-jre.jar:/Users/pull/repository/mljr/com/google/code/findbugs/jsr305/1.3.9/jsr305-1.3.9.jar:/Users/pull/repository/mljr/org/checkerframework/checker-compat-qual/2.0.0/checker-compat-qual-2.0.0.jar:/Users/pull/repository/mljr/com/google/errorprone/error_prone_annotations/2.1.3/error_prone_annotations-2.1.3.jar:/Users/pull/repository/mljr/com/google/j2objc/j2objc-annotations/1.1/j2objc-annotations-1.1.jar:/Users/pull/repository/mljr/org/codehaus/mojo/animal-sniffer-annotations/1.14/animal-sniffer-annotations-1.14.jar:/Users/pull/repository/mljr/org/apache/httpcomponents/httpclient/4.5.6/httpclient-4.5.6.jar:/Users/pull/repository/mljr/org/apache/httpcomponents/httpcore/4.4.10/httpcore-4.4.10.jar:/Users/pull/repository/mljr/com/squareup/okhttp3/okhttp/3.10.0/okhttp-3.10.0.jar:/Users/pull/repository/mljr/com/squareup/okio/okio/1.14.1/okio-1.14.1.jar:/Users/pull/repository/mljr/org/seleniumhq/selenium/selenium-htmlunit-driver/2.46.0/selenium-htmlunit-driver-2.46.0.jar:/Users/pull/repository/mljr/net/sourceforge/htmlunit/htmlunit/2.33/htmlunit-2.33.jar:/Users/pull/repository/mljr/xalan/xalan/2.7.2/xalan-2.7.2.jar:/Users/pull/repository/mljr/xalan/serializer/2.7.2/serializer-2.7.2.jar:/Users/pull/repository/mljr/org/apache/commons/commons-lang3/3.8.1/commons-lang3-3.8.1.jar:/Users/pull/repository/mljr/org/apache/commons/commons-text/1.4/commons-text-1.4.jar:/Users/pull/repository/mljr/org/apache/httpcomponents/httpmime/4.5.6/httpmime-4.5.6.jar:/Users/pull/repository/mljr/net/sourceforge/htmlunit/htmlunit-core-js/2.33/htmlunit-core-js-2.33.jar:/Users/pull/repository/mljr/net/sourceforge/htmlunit/neko-htmlunit/2.33/neko-htmlunit-2.33.jar:/Users/pull/repository/mljr/xerces/xercesImpl/2.12.0/xercesImpl-2.12.0.jar:/Users/pull/repository/mljr/xml-apis/xml-apis/1.4.01/xml-apis-1.4.01.jar:/Users/pull/repository/mljr/net/sourceforge/htmlunit/htmlunit-cssparser/1.2.0/htmlunit-cssparser-1.2.0.jar:/Users/pull/repository/mljr/commons-io/commons-io/2.6/commons-io-2.6.jar:/Users/pull/repository/mljr/commons-net/commons-net/3.6/commons-net-3.6.jar:/Users/pull/repository/mljr/org/eclipse/jetty/websocket/websocket-client/9.4.14.v20181114/websocket-client-9.4.14.v20181114.jar:/Users/pull/repository/mljr/org/eclipse/jetty/jetty-client/9.4.14.v20181114/jetty-client-9.4.14.v20181114.jar:/Users/pull/repository/mljr/org/eclipse/jetty/jetty-http/9.4.14.v20181114/jetty-http-9.4.14.v20181114.jar:/Users/pull/repository/mljr/org/eclipse/jetty/jetty-xml/9.4.14.v20181114/jetty-xml-9.4.14.v20181114.jar:/Users/pull/repository/mljr/org/eclipse/jetty/jetty-util/9.4.14.v20181114/jetty-util-9.4.14.v20181114.jar:/Users/pull/repository/mljr/org/eclipse/jetty/jetty-io/9.4.14.v20181114/jetty-io-9.4.14.v20181114.jar:/Users/pull/repository/mljr/org/eclipse/jetty/websocket/websocket-common/9.4.14.v20181114/websocket-common-9.4.14.v20181114.jar:/Users/pull/repository/mljr/org/eclipse/jetty/websocket/websocket-api/9.4.14.v20181114/websocket-api-9.4.14.v20181114.jar:/Users/pull/repository/mljr/org/seleniumhq/selenium/selenium-firefox-driver/3.14.0/selenium-firefox-driver-3.14.0.jar:/Users/pull/repository/mljr/org/seleniumhq/selenium/selenium-ie-driver/3.14.0/selenium-ie-driver-3.14.0.jar:/Users/pull/repository/mljr/org/seleniumhq/selenium/selenium-safari-driver/3.14.0/selenium-safari-driver-3.14.0.jar:/Users/pull/repository/mljr/org/seleniumhq/selenium/selenium-support/3.14.0/selenium-support-3.14.0.jar:/Users/pull/repository/mljr/org/webbitserver/webbit/0.4.14/webbit-0.4.14.jar:/Users/pull/repository/mljr/io/netty/netty/3.5.2.Final/netty-3.5.2.Final.jar:/Users/pull/repository/mljr/org/seleniumhq/selenium/selenium-leg-rc/2.46.0/selenium-leg-rc-2.46.0.jar:/Users/pull/repository/mljr/com/alibaba/druid/1.1.0/druid-1.1.0.jar:/Library/Java/JavaVirtualMachines/jdk1.8.0_121.jdk/Contents/Home/jre/../lib/jconsole.jar:/Library/Java/JavaVirtualMachines/jdk1.8.0_121.jdk/Contents/Home/jre/../lib/tools.jar:/Users/pull/repository/mljr/junit/junit/4.12/junit-4.12.jar:"/>
    <property name="java.vm.vendor" value="Oracle Corporation"/>
    <property name="sun.arch.data.model" value="64"/>
    <property name="java.vendor.url" value="http://java.oracle.com/"/>
    <property name="user.timezone" value=""/>
    <property name="java.vm.specification.version" value="1.8"/>
    <property name="os.name" value="Mac OS X"/>
    <property name="user.country" value="CN"/>
    <property name="sun.java.launcher" value="SUN_STANDARD"/>
    <property name="sun.boot.library.path" value="/Library/Java/JavaVirtualMachines/jdk1.8.0_121.jdk/Contents/Home/jre/lib"/>
    <property name="sun.java.command" value="/Users/pull/ideaProjects/selenium/target/surefire/surefirebooter7403546437653678980.jar /Users/pull/ideaProjects/selenium/target/surefire 2019-03-08T16-03-35_270-jvmRun1 surefire2686992316851502652tmp surefire_06552157450348042206tmp"/>
    <property name="http.nonProxyHosts" value="local|*.local|169.254/16|*.169.254/16"/>
    <property name="surefire.test.class.path" value="/Users/pull/ideaProjects/selenium/target/test-classes:/Users/pull/ideaProjects/selenium/target/classes:/Users/pull/repository/mljr/org/springframework/boot/spring-boot-starter-aop/2.1.2.RELEASE/spring-boot-starter-aop-2.1.2.RELEASE.jar:/Users/pull/repository/mljr/org/springframework/boot/spring-boot-starter/2.1.2.RELEASE/spring-boot-starter-2.1.2.RELEASE.jar:/Users/pull/repository/mljr/org/springframework/boot/spring-boot/2.1.2.RELEASE/spring-boot-2.1.2.RELEASE.jar:/Users/pull/repository/mljr/org/springframework/boot/spring-boot-autoconfigure/2.1.2.RELEASE/spring-boot-autoconfigure-2.1.2.RELEASE.jar:/Users/pull/repository/mljr/org/springframework/boot/spring-boot-starter-logging/2.1.2.RELEASE/spring-boot-starter-logging-2.1.2.RELEASE.jar:/Users/pull/repository/mljr/ch/qos/logback/logback-classic/1.2.3/logback-classic-1.2.3.jar:/Users/pull/repository/mljr/ch/qos/logback/logback-core/1.2.3/logback-core-1.2.3.jar:/Users/pull/repository/mljr/org/apache/logging/log4j/log4j-to-slf4j/2.11.1/log4j-to-slf4j-2.11.1.jar:/Users/pull/repository/mljr/org/apache/logging/log4j/log4j-api/2.11.1/log4j-api-2.11.1.jar:/Users/pull/repository/mljr/org/slf4j/jul-to-slf4j/1.7.25/jul-to-slf4j-1.7.25.jar:/Users/pull/repository/mljr/javax/annotation/javax.annotation-api/1.3.2/javax.annotation-api-1.3.2.jar:/Users/pull/repository/mljr/org/yaml/snakeyaml/1.23/snakeyaml-1.23.jar:/Users/pull/repository/mljr/org/springframework/spring-aop/5.1.4.RELEASE/spring-aop-5.1.4.RELEASE.jar:/Users/pull/repository/mljr/org/springframework/spring-beans/5.1.4.RELEASE/spring-beans-5.1.4.RELEASE.jar:/Users/pull/repository/mljr/org/aspectj/aspectjweaver/1.9.2/aspectjweaver-1.9.2.jar:/Users/pull/repository/mljr/org/springframework/boot/spring-boot-starter-web/2.1.2.RELEASE/spring-boot-starter-web-2.1.2.RELEASE.jar:/Users/pull/repository/mljr/org/springframework/boot/spring-boot-starter-json/2.1.2.RELEASE/spring-boot-starter-json-2.1.2.RELEASE.jar:/Users/pull/repository/mljr/com/fasterxml/jackson/core/jackson-databind/2.9.8/jackson-databind-2.9.8.jar:/Users/pull/repository/mljr/com/fasterxml/jackson/core/jackson-annotations/2.9.0/jackson-annotations-2.9.0.jar:/Users/pull/repository/mljr/com/fasterxml/jackson/core/jackson-core/2.9.8/jackson-core-2.9.8.jar:/Users/pull/repository/mljr/com/fasterxml/jackson/datatype/jackson-datatype-jdk8/2.9.8/jackson-datatype-jdk8-2.9.8.jar:/Users/pull/repository/mljr/com/fasterxml/jackson/datatype/jackson-datatype-jsr310/2.9.8/jackson-datatype-jsr310-2.9.8.jar:/Users/pull/repository/mljr/com/fasterxml/jackson/module/jackson-module-parameter-names/2.9.8/jackson-module-parameter-names-2.9.8.jar:/Users/pull/repository/mljr/org/springframework/boot/spring-boot-starter-tomcat/2.1.2.RELEASE/spring-boot-starter-tomcat-2.1.2.RELEASE.jar:/Users/pull/repository/mljr/org/apache/tomcat/embed/tomcat-embed-core/9.0.14/tomcat-embed-core-9.0.14.jar:/Users/pull/repository/mljr/org/apache/tomcat/embed/tomcat-embed-el/9.0.14/tomcat-embed-el-9.0.14.jar:/Users/pull/repository/mljr/org/apache/tomcat/embed/tomcat-embed-websocket/9.0.14/tomcat-embed-websocket-9.0.14.jar:/Users/pull/repository/mljr/org/hibernate/validator/hibernate-validator/6.0.14.Final/hibernate-validator-6.0.14.Final.jar:/Users/pull/repository/mljr/javax/validation/validation-api/2.0.1.Final/validation-api-2.0.1.Final.jar:/Users/pull/repository/mljr/org/jboss/logging/jboss-logging/3.3.2.Final/jboss-logging-3.3.2.Final.jar:/Users/pull/repository/mljr/com/fasterxml/classmate/1.4.0/classmate-1.4.0.jar:/Users/pull/repository/mljr/org/springframework/spring-web/5.1.4.RELEASE/spring-web-5.1.4.RELEASE.jar:/Users/pull/repository/mljr/org/springframework/spring-webmvc/5.1.4.RELEASE/spring-webmvc-5.1.4.RELEASE.jar:/Users/pull/repository/mljr/org/springframework/spring-context/5.1.4.RELEASE/spring-context-5.1.4.RELEASE.jar:/Users/pull/repository/mljr/org/springframework/spring-expression/5.1.4.RELEASE/spring-expression-5.1.4.RELEASE.jar:/Users/pull/repository/mljr/org/mybatis/spring/boot/mybatis-spring-boot-starter/1.3.2/mybatis-spring-boot-starter-1.3.2.jar:/Users/pull/repository/mljr/org/springframework/boot/spring-boot-starter-jdbc/2.1.2.RELEASE/spring-boot-starter-jdbc-2.1.2.RELEASE.jar:/Users/pull/repository/mljr/com/zaxxer/HikariCP/3.2.0/HikariCP-3.2.0.jar:/Users/pull/repository/mljr/org/springframework/spring-jdbc/5.1.4.RELEASE/spring-jdbc-5.1.4.RELEASE.jar:/Users/pull/repository/mljr/org/springframework/spring-tx/5.1.4.RELEASE/spring-tx-5.1.4.RELEASE.jar:/Users/pull/repository/mljr/org/mybatis/spring/boot/mybatis-spring-boot-autoconfigure/1.3.2/mybatis-spring-boot-autoconfigure-1.3.2.jar:/Users/pull/repository/mljr/org/mybatis/mybatis/3.4.6/mybatis-3.4.6.jar:/Users/pull/repository/mljr/org/mybatis/mybatis-spring/1.3.2/mybatis-spring-1.3.2.jar:/Users/pull/repository/mljr/mysql/mysql-connector-java/8.0.13/mysql-connector-java-8.0.13.jar:/Users/pull/repository/mljr/org/projectlombok/lombok/1.18.4/lombok-1.18.4.jar:/Users/pull/repository/mljr/org/springframework/boot/spring-boot-starter-test/2.1.2.RELEASE/spring-boot-starter-test-2.1.2.RELEASE.jar:/Users/pull/repository/mljr/org/springframework/boot/spring-boot-test/2.1.2.RELEASE/spring-boot-test-2.1.2.RELEASE.jar:/Users/pull/repository/mljr/org/springframework/boot/spring-boot-test-autoconfigure/2.1.2.RELEASE/spring-boot-test-autoconfigure-2.1.2.RELEASE.jar:/Users/pull/repository/mljr/com/jayway/jsonpath/json-path/2.4.0/json-path-2.4.0.jar:/Users/pull/repository/mljr/net/minidev/json-smart/2.3/json-smart-2.3.jar:/Users/pull/repository/mljr/net/minidev/accessors-smart/1.2/accessors-smart-1.2.jar:/Users/pull/repository/mljr/org/ow2/asm/asm/5.0.4/asm-5.0.4.jar:/Users/pull/repository/mljr/org/slf4j/slf4j-api/1.7.25/slf4j-api-1.7.25.jar:/Users/pull/repository/mljr/org/assertj/assertj-core/3.11.1/assertj-core-3.11.1.jar:/Users/pull/repository/mljr/org/mockito/mockito-core/2.23.4/mockito-core-2.23.4.jar:/Users/pull/repository/mljr/net/bytebuddy/byte-buddy/1.9.7/byte-buddy-1.9.7.jar:/Users/pull/repository/mljr/net/bytebuddy/byte-buddy-agent/1.9.7/byte-buddy-agent-1.9.7.jar:/Users/pull/repository/mljr/org/objenesis/objenesis/2.6/objenesis-2.6.jar:/Users/pull/repository/mljr/org/hamcrest/hamcrest-core/1.3/hamcrest-core-1.3.jar:/Users/pull/repository/mljr/org/hamcrest/hamcrest-library/1.3/hamcrest-library-1.3.jar:/Users/pull/repository/mljr/org/skyscreamer/jsonassert/1.5.0/jsonassert-1.5.0.jar:/Users/pull/repository/mljr/com/vaadin/external/google/android-json/0.0.20131108.vaadin1/android-json-0.0.20131108.vaadin1.jar:/Users/pull/repository/mljr/org/springframework/spring-core/5.1.4.RELEASE/spring-core-5.1.4.RELEASE.jar:/Users/pull/repository/mljr/org/springframework/spring-jcl/5.1.4.RELEASE/spring-jcl-5.1.4.RELEASE.jar:/Users/pull/repository/mljr/org/springframework/spring-test/5.1.4.RELEASE/spring-test-5.1.4.RELEASE.jar:/Users/pull/repository/mljr/org/xmlunit/xmlunit-core/2.6.2/xmlunit-core-2.6.2.jar:/Users/pull/repository/mljr/org/seleniumhq/selenium/selenium-java/2.46.0/selenium-java-2.46.0.jar:/Users/pull/repository/mljr/org/seleniumhq/selenium/selenium-chrome-driver/3.14.0/selenium-chrome-driver-3.14.0.jar:/Users/pull/repository/mljr/org/seleniumhq/selenium/selenium-api/3.14.0/selenium-api-3.14.0.jar:/Users/pull/repository/mljr/org/seleniumhq/selenium/selenium-remote-driver/3.14.0/selenium-remote-driver-3.14.0.jar:/Users/pull/repository/mljr/org/apache/commons/commons-exec/1.3/commons-exec-1.3.jar:/Users/pull/repository/mljr/commons-codec/commons-codec/1.11/commons-codec-1.11.jar:/Users/pull/repository/mljr/commons-logging/commons-logging/1.2/commons-logging-1.2.jar:/Users/pull/repository/mljr/com/google/guava/guava/25.0-jre/guava-25.0-jre.jar:/Users/pull/repository/mljr/com/google/code/findbugs/jsr305/1.3.9/jsr305-1.3.9.jar:/Users/pull/repository/mljr/org/checkerframework/checker-compat-qual/2.0.0/checker-compat-qual-2.0.0.jar:/Users/pull/repository/mljr/com/google/errorprone/error_prone_annotations/2.1.3/error_prone_annotations-2.1.3.jar:/Users/pull/repository/mljr/com/google/j2objc/j2objc-annotations/1.1/j2objc-annotations-1.1.jar:/Users/pull/repository/mljr/org/codehaus/mojo/animal-sniffer-annotations/1.14/animal-sniffer-annotations-1.14.jar:/Users/pull/repository/mljr/org/apache/httpcomponents/httpclient/4.5.6/httpclient-4.5.6.jar:/Users/pull/repository/mljr/org/apache/httpcomponents/httpcore/4.4.10/httpcore-4.4.10.jar:/Users/pull/repository/mljr/com/squareup/okhttp3/okhttp/3.10.0/okhttp-3.10.0.jar:/Users/pull/repository/mljr/com/squareup/okio/okio/1.14.1/okio-1.14.1.jar:/Users/pull/repository/mljr/org/seleniumhq/selenium/selenium-htmlunit-driver/2.46.0/selenium-htmlunit-driver-2.46.0.jar:/Users/pull/repository/mljr/net/sourceforge/htmlunit/htmlunit/2.33/htmlunit-2.33.jar:/Users/pull/repository/mljr/xalan/xalan/2.7.2/xalan-2.7.2.jar:/Users/pull/repository/mljr/xalan/serializer/2.7.2/serializer-2.7.2.jar:/Users/pull/repository/mljr/org/apache/commons/commons-lang3/3.8.1/commons-lang3-3.8.1.jar:/Users/pull/repository/mljr/org/apache/commons/commons-text/1.4/commons-text-1.4.jar:/Users/pull/repository/mljr/org/apache/httpcomponents/httpmime/4.5.6/httpmime-4.5.6.jar:/Users/pull/repository/mljr/net/sourceforge/htmlunit/htmlunit-core-js/2.33/htmlunit-core-js-2.33.jar:/Users/pull/repository/mljr/net/sourceforge/htmlunit/neko-htmlunit/2.33/neko-htmlunit-2.33.jar:/Users/pull/repository/mljr/xerces/xercesImpl/2.12.0/xercesImpl-2.12.0.jar:/Users/pull/repository/mljr/xml-apis/xml-apis/1.4.01/xml-apis-1.4.01.jar:/Users/pull/repository/mljr/net/sourceforge/htmlunit/htmlunit-cssparser/1.2.0/htmlunit-cssparser-1.2.0.jar:/Users/pull/repository/mljr/commons-io/commons-io/2.6/commons-io-2.6.jar:/Users/pull/repository/mljr/commons-net/commons-net/3.6/commons-net-3.6.jar:/Users/pull/repository/mljr/org/eclipse/jetty/websocket/websocket-client/9.4.14.v20181114/websocket-client-9.4.14.v20181114.jar:/Users/pull/repository/mljr/org/eclipse/jetty/jetty-client/9.4.14.v20181114/jetty-client-9.4.14.v20181114.jar:/Users/pull/repository/mljr/org/eclipse/jetty/jetty-http/9.4.14.v20181114/jetty-http-9.4.14.v20181114.jar:/Users/pull/repository/mljr/org/eclipse/jetty/jetty-xml/9.4.14.v20181114/jetty-xml-9.4.14.v20181114.jar:/Users/pull/repository/mljr/org/eclipse/jetty/jetty-util/9.4.14.v20181114/jetty-util-9.4.14.v20181114.jar:/Users/pull/repository/mljr/org/eclipse/jetty/jetty-io/9.4.14.v20181114/jetty-io-9.4.14.v20181114.jar:/Users/pull/repository/mljr/org/eclipse/jetty/websocket/websocket-common/9.4.14.v20181114/websocket-common-9.4.14.v20181114.jar:/Users/pull/repository/mljr/org/eclipse/jetty/websocket/websocket-api/9.4.14.v20181114/websocket-api-9.4.14.v20181114.jar:/Users/pull/repository/mljr/org/seleniumhq/selenium/selenium-firefox-driver/3.14.0/selenium-firefox-driver-3.14.0.jar:/Users/pull/repository/mljr/org/seleniumhq/selenium/selenium-ie-driver/3.14.0/selenium-ie-driver-3.14.0.jar:/Users/pull/repository/mljr/org/seleniumhq/selenium/selenium-safari-driver/3.14.0/selenium-safari-driver-3.14.0.jar:/Users/pull/repository/mljr/org/seleniumhq/selenium/selenium-support/3.14.0/selenium-support-3.14.0.jar:/Users/pull/repository/mljr/org/webbitserver/webbit/0.4.14/webbit-0.4.14.jar:/Users/pull/repository/mljr/io/netty/netty/3.5.2.Final/netty-3.5.2.Final.jar:/Users/pull/repository/mljr/org/seleniumhq/selenium/selenium-leg-rc/2.46.0/selenium-leg-rc-2.46.0.jar:/Users/pull/repository/mljr/com/alibaba/druid/1.1.0/druid-1.1.0.jar:/Library/Java/JavaVirtualMachines/jdk1.8.0_121.jdk/Contents/Home/jre/../lib/jconsole.jar:/Library/Java/JavaVirtualMachines/jdk1.8.0_121.jdk/Contents/Home/jre/../lib/tools.jar:/Users/pull/repository/mljr/junit/junit/4.12/junit-4.12.jar:"/>
    <property name="sun.cpu.endian" value="little"/>
    <property name="user.home" value="/Users/pull"/>
    <property name="user.language" value="zh"/>
    <property name="java.specification.vendor" value="Oracle Corporation"/>
    <property name="java.home" value="/Library/Java/JavaVirtualMachines/jdk1.8.0_121.jdk/Contents/Home/jre"/>
    <property name="basedir" value="/Users/pull/ideaProjects/selenium"/>
    <property name="file.separator" value="/"/>
    <property name="line.separator" value="&#10;"/>
    <property name="java.vm.specification.vendor" value="Oracle Corporation"/>
    <property name="java.specification.name" value="Java Platform API Specification"/>
    <property name="java.awt.graphicsenv" value="sun.awt.CGraphicsEnvironment"/>
    <property name="surefire.real.class.path" value="/Users/pull/ideaProjects/selenium/target/surefire/surefirebooter7403546437653678980.jar"/>
    <property name="sun.boot.class.path" value="/Library/Java/JavaVirtualMachines/jdk1.8.0_121.jdk/Contents/Home/jre/lib/resources.jar:/Library/Java/JavaVirtualMachines/jdk1.8.0_121.jdk/Contents/Home/jre/lib/rt.jar:/Library/Java/JavaVirtualMachines/jdk1.8.0_121.jdk/Contents/Home/jre/lib/sunrsasign.jar:/Library/Java/JavaVirtualMachines/jdk1.8.0_121.jdk/Contents/Home/jre/lib/jsse.jar:/Library/Java/JavaVirtualMachines/jdk1.8.0_121.jdk/Contents/Home/jre/lib/jce.jar:/Library/Java/JavaVirtualMachines/jdk1.8.0_121.jdk/Contents/Home/jre/lib/charsets.jar:/Library/Java/JavaVirtualMachines/jdk1.8.0_121.jdk/Contents/Home/jre/lib/jfr.jar:/Library/Java/JavaVirtualMachines/jdk1.8.0_121.jdk/Contents/Home/jre/classes"/>
    <property name="sun.management.compiler" value="HotSpot 64-Bit Tiered Compilers"/>
    <property name="ftp.nonProxyHosts" value="local|*.local|169.254/16|*.169.254/16"/>
    <property name="java.runtime.version" value="1.8.0_121-b13"/>
    <property name="user.name" value="pull"/>
    <property name="path.separator" value=":"/>
    <property name="os.version" value="10.12.6"/>
    <property name="java.endorsed.dirs" value="/Library/Java/JavaVirtualMachines/jdk1.8.0_121.jdk/Contents/Home/jre/lib/endorsed"/>
    <property name="java.runtime.name" value="Java(TM) SE Runtime Environment"/>
    <property name="file.encoding" value="UTF-8"/>
    <property name="java.vm.name" value="Java HotSpot(TM) 64-Bit Server VM"/>
    <property name="localRepository" value="/Users/pull/repository/mljr"/>
    <property name="java.vendor.url.bug" value="http://bugreport.sun.com/bugreport/"/>
    <property name="java.io.tmpdir" value="/var/folders/ls/6vp5p9r90nqfp19ykrb_rd7r0000gn/T/"/>
    <property name="idea.version" value="2018.2.3"/>
    <property name="java.version" value="1.8.0_121"/>
    <property name="user.dir" value="/Users/pull/ideaProjects/selenium"/>
    <property name="os.arch" value="x86_64"/>
    <property name="java.vm.specification.name" value="Java Virtual Machine Specification"/>
    <property name="java.awt.printerjob" value="sun.lwawt.macosx.CPrinterJob"/>
    <property name="sun.os.patch.level" value="unknown"/>
    <property name="java.library.path" value="/Users/pull/Library/Java/Extensions:/Library/Java/Extensions:/Network/Library/Java/Extensions:/System/Library/Java/Extensions:/usr/lib/java:."/>
    <property name="java.vm.info" value="mixed mode"/>
    <property name="java.vendor" value="Oracle Corporation"/>
    <property name="java.vm.version" value="25.121-b13"/>
    <property name="java.ext.dirs" value="/Users/pull/Library/Java/Extensions:/Library/Java/JavaVirtualMachines/jdk1.8.0_121.jdk/Contents/Home/jre/lib/ext:/Library/Java/Extensions:/Network/Library/Java/Extensions:/System/Library/Java/Extensions:/usr/lib/java"/>
    <property name="sun.io.unicode.encoding" value="UnicodeBig"/>
    <property name="maven.repo.local" value="/Users/pull/repository/mljr"/>
    <property name="java.class.version" value="52.0"/>
    <property name="socksNonProxyHosts" value="local|*.local|169.254/16|*.169.254/16"/>
  </properties>
  <testcase name="contextLoads" classname="com.example.selenium.SeleniumApplicationTests" time="0.005">
    <error message="Failed to load ApplicationContext" type="java.lang.IllegalStateException">java.lang.IllegalStateException: Failed to load ApplicationContext
Caused by: org.springframework.beans.factory.BeanCreationException: Error creating bean with name 'requestMappingHandlerMapping' defined in class path resource [org/springframework/boot/autoconfigure/web/servlet/WebMvcAutoConfiguration$EnableWebMvcConfiguration.class]: Invocation of init method failed; nested exception is java.lang.IllegalStateException: Invalid mapping on handler class [com.example.selenium.web.JmeterController]: public java.lang.String com.example.selenium.web.JmeterController.testGet(java.lang.String)
Caused by: java.lang.IllegalStateException: Invalid mapping on handler class [com.example.selenium.web.JmeterController]: public java.lang.String com.example.selenium.web.JmeterController.testGet(java.lang.String)
Caused by: java.lang.IllegalArgumentException: Could not resolve placeholder 'name' in value "/get/${name}"
</error>
    <system-out><![CDATA[16:03:36.817 [main] DEBUG org.springframework.test.context.junit4.SpringJUnit4ClassRunner - SpringJUnit4ClassRunner constructor called with [class com.example.selenium.SeleniumApplicationTests]
16:03:36.844 [main] DEBUG org.springframework.test.context.BootstrapUtils - Instantiating CacheAwareContextLoaderDelegate from class [org.springframework.test.context.cache.DefaultCacheAwareContextLoaderDelegate]
16:03:36.868 [main] DEBUG org.springframework.test.context.BootstrapUtils - Instantiating BootstrapContext using constructor [public org.springframework.test.context.support.DefaultBootstrapContext(java.lang.Class,org.springframework.test.context.CacheAwareContextLoaderDelegate)]
16:03:36.915 [main] DEBUG org.springframework.test.context.BootstrapUtils - Instantiating TestContextBootstrapper for test class [com.example.selenium.SeleniumApplicationTests] from class [org.springframework.boot.test.context.SpringBootTestContextBootstrapper]
16:03:36.938 [main] INFO org.springframework.boot.test.context.SpringBootTestContextBootstrapper - Neither @ContextConfiguration nor @ContextHierarchy found for test class [com.example.selenium.SeleniumApplicationTests], using SpringBootContextLoader
16:03:36.944 [main] DEBUG org.springframework.test.context.support.AbstractContextLoader - Did not detect default resource location for test class [com.example.selenium.SeleniumApplicationTests]: class path resource [com/example/selenium/SeleniumApplicationTests-context.xml] does not exist
16:03:36.947 [main] DEBUG org.springframework.test.context.support.AbstractContextLoader - Did not detect default resource location for test class [com.example.selenium.SeleniumApplicationTests]: class path resource [com/example/selenium/SeleniumApplicationTestsContext.groovy] does not exist
16:03:36.948 [main] INFO org.springframework.test.context.support.AbstractContextLoader - Could not detect default resource locations for test class [com.example.selenium.SeleniumApplicationTests]: no resource found for suffixes {-context.xml, Context.groovy}.
16:03:36.952 [main] INFO org.springframework.test.context.support.AnnotationConfigContextLoaderUtils - Could not detect default configuration classes for test class [com.example.selenium.SeleniumApplicationTests]: SeleniumApplicationTests does not declare any static, non-private, non-final, nested classes annotated with @Configuration.
16:03:37.121 [main] DEBUG org.springframework.test.context.support.ActiveProfilesUtils - Could not find an 'annotation declaring class' for annotation type [org.springframework.test.context.ActiveProfiles] and class [com.example.selenium.SeleniumApplicationTests]
16:03:37.287 [main] DEBUG org.springframework.context.annotation.ClassPathScanningCandidateComponentProvider - Identified candidate component class: file [/Users/pull/ideaProjects/selenium/target/classes/com/example/selenium/SeleniumApplication.class]
16:03:37.288 [main] INFO org.springframework.boot.test.context.SpringBootTestContextBootstrapper - Found @SpringBootConfiguration com.example.selenium.SeleniumApplication for test class com.example.selenium.SeleniumApplicationTests
16:03:37.509 [main] DEBUG org.springframework.boot.test.context.SpringBootTestContextBootstrapper - @TestExecutionListeners is not present for class [com.example.selenium.SeleniumApplicationTests]: using defaults.
16:03:37.509 [main] INFO org.springframework.boot.test.context.SpringBootTestContextBootstrapper - Loaded default TestExecutionListener class names from location [META-INF/spring.factories]: [org.springframework.boot.test.mock.mockito.MockitoTestExecutionListener, org.springframework.boot.test.mock.mockito.ResetMocksTestExecutionListener, org.springframework.boot.test.autoconfigure.restdocs.RestDocsTestExecutionListener, org.springframework.boot.test.autoconfigure.web.client.MockRestServiceServerResetTestExecutionListener, org.springframework.boot.test.autoconfigure.web.servlet.MockMvcPrintOnlyOnFailureTestExecutionListener, org.springframework.boot.test.autoconfigure.web.servlet.WebDriverTestExecutionListener, org.springframework.test.context.web.ServletTestExecutionListener, org.springframework.test.context.support.DirtiesContextBeforeModesTestExecutionListener, org.springframework.test.context.support.DependencyInjectionTestExecutionListener, org.springframework.test.context.support.DirtiesContextTestExecutionListener, org.springframework.test.context.transaction.TransactionalTestExecutionListener, org.springframework.test.context.jdbc.SqlScriptsTestExecutionListener]
16:03:37.540 [main] INFO org.springframework.boot.test.context.SpringBootTestContextBootstrapper - Using TestExecutionListeners: [org.springframework.test.context.web.ServletTestExecutionListener@130d63be, org.springframework.test.context.support.DirtiesContextBeforeModesTestExecutionListener@42a48628, org.springframework.boot.test.mock.mockito.MockitoTestExecutionListener@293a5bf6, org.springframework.boot.test.autoconfigure.SpringBootDependencyInjectionTestExecutionListener@6aeb35e6, org.springframework.test.context.support.DirtiesContextTestExecutionListener@1283bb96, org.springframework.test.context.transaction.TransactionalTestExecutionListener@74f0ea28, org.springframework.test.context.jdbc.SqlScriptsTestExecutionListener@f6efaab, org.springframework.boot.test.mock.mockito.ResetMocksTestExecutionListener@3c19aaa5, org.springframework.boot.test.autoconfigure.restdocs.RestDocsTestExecutionListener@3349e9bb, org.springframework.boot.test.autoconfigure.web.client.MockRestServiceServerResetTestExecutionListener@409bf450, org.springframework.boot.test.autoconfigure.web.servlet.MockMvcPrintOnlyOnFailureTestExecutionListener@38d8f54a, org.springframework.boot.test.autoconfigure.web.servlet.WebDriverTestExecutionListener@49e53c76]
16:03:37.545 [main] DEBUG org.springframework.test.annotation.ProfileValueUtils - Retrieved @ProfileValueSourceConfiguration [null] for test class [com.example.selenium.SeleniumApplicationTests]
16:03:37.546 [main] DEBUG org.springframework.test.annotation.ProfileValueUtils - Retrieved ProfileValueSource type [class org.springframework.test.annotation.SystemProfileValueSource] for class [com.example.selenium.SeleniumApplicationTests]
16:03:37.549 [main] DEBUG org.springframework.test.annotation.ProfileValueUtils - Retrieved @ProfileValueSourceConfiguration [null] for test class [com.example.selenium.SeleniumApplicationTests]
16:03:37.549 [main] DEBUG org.springframework.test.annotation.ProfileValueUtils - Retrieved ProfileValueSource type [class org.springframework.test.annotation.SystemProfileValueSource] for class [com.example.selenium.SeleniumApplicationTests]
16:03:37.551 [main] DEBUG org.springframework.test.annotation.ProfileValueUtils - Retrieved @ProfileValueSourceConfiguration [null] for test class [com.example.selenium.SeleniumApplicationTests]
16:03:37.551 [main] DEBUG org.springframework.test.annotation.ProfileValueUtils - Retrieved ProfileValueSource type [class org.springframework.test.annotation.SystemProfileValueSource] for class [com.example.selenium.SeleniumApplicationTests]
16:03:37.558 [main] DEBUG org.springframework.test.context.support.AbstractDirtiesContextTestExecutionListener - Before test class: context [DefaultTestContext@5656be13 testClass = SeleniumApplicationTests, testInstance = [null], testMethod = [null], testException = [null], mergedContextConfiguration = [WebMergedContextConfiguration@4218d6a3 testClass = SeleniumApplicationTests, locations = '{}', classes = '{class com.example.selenium.SeleniumApplication}', contextInitializerClasses = '[]', activeProfiles = '{}', propertySourceLocations = '{}', propertySourceProperties = '{org.springframework.boot.test.context.SpringBootTestContextBootstrapper=true}', contextCustomizers = set[org.springframework.boot.test.context.filter.ExcludeFilterContextCustomizer@63440df3, org.springframework.boot.test.json.DuplicateJsonObjectContextCustomizerFactory$DuplicateJsonObjectContextCustomizer@4d3167f4, org.springframework.boot.test.mock.mockito.MockitoContextCustomizer@0, org.springframework.boot.test.web.client.TestRestTemplateContextCustomizer@33723e30, org.springframework.boot.test.autoconfigure.properties.PropertyMappingContextCustomizer@0, org.springframework.boot.test.autoconfigure.web.servlet.WebDriverContextCustomizerFactory$Customizer@396e2f39], resourceBasePath = 'src/main/webapp', contextLoader = 'org.springframework.boot.test.context.SpringBootContextLoader', parent = [null]], attributes = map['org.springframework.test.context.web.ServletTestExecutionListener.activateListener' -> true]], class annotated with @DirtiesContext [false] with mode [null].
16:03:37.564 [main] DEBUG org.springframework.test.annotation.ProfileValueUtils - Retrieved @ProfileValueSourceConfiguration [null] for test class [com.example.selenium.SeleniumApplicationTests]
16:03:37.564 [main] DEBUG org.springframework.test.annotation.ProfileValueUtils - Retrieved ProfileValueSource type [class org.springframework.test.annotation.SystemProfileValueSource] for class [com.example.selenium.SeleniumApplicationTests]
16:03:37.608 [main] DEBUG org.springframework.test.context.support.TestPropertySourceUtils - Adding inlined properties to environment: {spring.jmx.enabled=false, org.springframework.boot.test.context.SpringBootTestContextBootstrapper=true, server.port=-1}

  .   ____          _            __ _ _
 /\\ / ___'_ __ _ _(_)_ __  __ _ \ \ \ \
( ( )\___ | '_ | '_| | '_ \/ _` | \ \ \ \
 \\/  ___)| |_)| | | | | || (_| |  ) ) ) )
  '  |____| .__|_| |_|_| |_\__, | / / / /
 =========|_|==============|___/=/_/_/_/
 :: Spring Boot ::        (v2.1.2.RELEASE)

2019-03-08 16:03:38.484  INFO 87768 --- [           main] c.e.selenium.SeleniumApplicationTests    : Starting SeleniumApplicationTests on 192.168.0.101 with PID 87768 (started by pull in /Users/pull/ideaProjects/selenium)
2019-03-08 16:03:38.485  INFO 87768 --- [           main] c.e.selenium.SeleniumApplicationTests    : The following profiles are active: dev
2019-03-08 16:03:44.459  INFO 87768 --- [           main] o.s.s.concurrent.ThreadPoolTaskExecutor  : Initializing ExecutorService 'applicationTaskExecutor'
2019-03-08 16:03:44.651  WARN 87768 --- [           main] o.s.w.c.s.GenericWebApplicationContext   : Exception encountered during context initialization - cancelling refresh attempt: org.springframework.beans.factory.BeanCreationException: Error creating bean with name 'requestMappingHandlerMapping' defined in class path resource [org/springframework/boot/autoconfigure/web/servlet/WebMvcAutoConfiguration$EnableWebMvcConfiguration.class]: Invocation of init method failed; nested exception is java.lang.IllegalStateException: Invalid mapping on handler class [com.example.selenium.web.JmeterController]: public java.lang.String com.example.selenium.web.JmeterController.testGet(java.lang.String)
2019-03-08 16:03:44.652  INFO 87768 --- [           main] o.s.s.concurrent.ThreadPoolTaskExecutor  : Shutting down ExecutorService 'applicationTaskExecutor'
2019-03-08 16:03:44.667  INFO 87768 --- [           main] ConditionEvaluationReportLoggingListener : 

Error starting ApplicationContext. To display the conditions report re-run your application with 'debug' enabled.
2019-03-08 16:03:44.723 ERROR 87768 --- [           main] o.s.boot.SpringApplication               : Application run failed

org.springframework.beans.factory.BeanCreationException: Error creating bean with name 'requestMappingHandlerMapping' defined in class path resource [org/springframework/boot/autoconfigure/web/servlet/WebMvcAutoConfiguration$EnableWebMvcConfiguration.class]: Invocation of init method failed; nested exception is java.lang.IllegalStateException: Invalid mapping on handler class [com.example.selenium.web.JmeterController]: public java.lang.String com.example.selenium.web.JmeterController.testGet(java.lang.String)
	at org.springframework.beans.factory.support.AbstractAutowireCapableBeanFactory.initializeBean(AbstractAutowireCapableBeanFactory.java:1745) ~[spring-beans-5.1.4.RELEASE.jar:5.1.4.RELEASE]
	at org.springframework.beans.factory.support.AbstractAutowireCapableBeanFactory.doCreateBean(AbstractAutowireCapableBeanFactory.java:576) ~[spring-beans-5.1.4.RELEASE.jar:5.1.4.RELEASE]
	at org.springframework.beans.factory.support.AbstractAutowireCapableBeanFactory.createBean(AbstractAutowireCapableBeanFactory.java:498) ~[spring-beans-5.1.4.RELEASE.jar:5.1.4.RELEASE]
	at org.springframework.beans.factory.support.AbstractBeanFactory.lambda$doGetBean$0(AbstractBeanFactory.java:320) ~[spring-beans-5.1.4.RELEASE.jar:5.1.4.RELEASE]
	at org.springframework.beans.factory.support.DefaultSingletonBeanRegistry.getSingleton(DefaultSingletonBeanRegistry.java:222) ~[spring-beans-5.1.4.RELEASE.jar:5.1.4.RELEASE]
	at org.springframework.beans.factory.support.AbstractBeanFactory.doGetBean(AbstractBeanFactory.java:318) ~[spring-beans-5.1.4.RELEASE.jar:5.1.4.RELEASE]
	at org.springframework.beans.factory.support.AbstractBeanFactory.getBean(AbstractBeanFactory.java:199) ~[spring-beans-5.1.4.RELEASE.jar:5.1.4.RELEASE]
	at org.springframework.beans.factory.support.DefaultListableBeanFactory.preInstantiateSingletons(DefaultListableBeanFactory.java:846) ~[spring-beans-5.1.4.RELEASE.jar:5.1.4.RELEASE]
	at org.springframework.context.support.AbstractApplicationContext.finishBeanFactoryInitialization(AbstractApplicationContext.java:863) ~[spring-context-5.1.4.RELEASE.jar:5.1.4.RELEASE]
	at org.springframework.context.support.AbstractApplicationContext.refresh(AbstractApplicationContext.java:546) ~[spring-context-5.1.4.RELEASE.jar:5.1.4.RELEASE]
	at org.springframework.boot.SpringApplication.refresh(SpringApplication.java:775) ~[spring-boot-2.1.2.RELEASE.jar:2.1.2.RELEASE]
	at org.springframework.boot.SpringApplication.refreshContext(SpringApplication.java:397) ~[spring-boot-2.1.2.RELEASE.jar:2.1.2.RELEASE]
	at org.springframework.boot.SpringApplication.run(SpringApplication.java:316) ~[spring-boot-2.1.2.RELEASE.jar:2.1.2.RELEASE]
	at org.springframework.boot.test.context.SpringBootContextLoader.loadContext(SpringBootContextLoader.java:127) [spring-boot-test-2.1.2.RELEASE.jar:2.1.2.RELEASE]
	at org.springframework.test.context.cache.DefaultCacheAwareContextLoaderDelegate.loadContextInternal(DefaultCacheAwareContextLoaderDelegate.java:99) [spring-test-5.1.4.RELEASE.jar:5.1.4.RELEASE]
	at org.springframework.test.context.cache.DefaultCacheAwareContextLoaderDelegate.loadContext(DefaultCacheAwareContextLoaderDelegate.java:117) [spring-test-5.1.4.RELEASE.jar:5.1.4.RELEASE]
	at org.springframework.test.context.support.DefaultTestContext.getApplicationContext(DefaultTestContext.java:108) [spring-test-5.1.4.RELEASE.jar:5.1.4.RELEASE]
	at org.springframework.test.context.web.ServletTestExecutionListener.setUpRequestContextIfNecessary(ServletTestExecutionListener.java:190) [spring-test-5.1.4.RELEASE.jar:5.1.4.RELEASE]
	at org.springframework.test.context.web.ServletTestExecutionListener.prepareTestInstance(ServletTestExecutionListener.java:132) [spring-test-5.1.4.RELEASE.jar:5.1.4.RELEASE]
	at org.springframework.test.context.TestContextManager.prepareTestInstance(TestContextManager.java:246) [spring-test-5.1.4.RELEASE.jar:5.1.4.RELEASE]
	at org.springframework.test.context.junit4.SpringJUnit4ClassRunner.createTest(SpringJUnit4ClassRunner.java:227) [spring-test-5.1.4.RELEASE.jar:5.1.4.RELEASE]
	at org.springframework.test.context.junit4.SpringJUnit4ClassRunner$1.runReflectiveCall(SpringJUnit4ClassRunner.java:289) [spring-test-5.1.4.RELEASE.jar:5.1.4.RELEASE]
	at org.junit.internal.runners.model.ReflectiveCallable.run(ReflectiveCallable.java:12) [junit-4.12.jar:4.12]
	at org.springframework.test.context.junit4.SpringJUnit4ClassRunner.methodBlock(SpringJUnit4ClassRunner.java:291) [spring-test-5.1.4.RELEASE.jar:5.1.4.RELEASE]
	at org.springframework.test.context.junit4.SpringJUnit4ClassRunner.runChild(SpringJUnit4ClassRunner.java:246) [spring-test-5.1.4.RELEASE.jar:5.1.4.RELEASE]
	at org.springframework.test.context.junit4.SpringJUnit4ClassRunner.runChild(SpringJUnit4ClassRunner.java:97) [spring-test-5.1.4.RELEASE.jar:5.1.4.RELEASE]
	at org.junit.runners.ParentRunner$3.run(ParentRunner.java:290) [junit-4.12.jar:4.12]
	at org.junit.runners.ParentRunner$1.schedule(ParentRunner.java:71) [junit-4.12.jar:4.12]
	at org.junit.runners.ParentRunner.runChildren(ParentRunner.java:288) [junit-4.12.jar:4.12]
	at org.junit.runners.ParentRunner.access$000(ParentRunner.java:58) [junit-4.12.jar:4.12]
	at org.junit.runners.ParentRunner$2.evaluate(ParentRunner.java:268) [junit-4.12.jar:4.12]
	at org.springframework.test.context.junit4.statements.RunBeforeTestClassCallbacks.evaluate(RunBeforeTestClassCallbacks.java:61) [spring-test-5.1.4.RELEASE.jar:5.1.4.RELEASE]
	at org.springframework.test.context.junit4.statements.RunAfterTestClassCallbacks.evaluate(RunAfterTestClassCallbacks.java:70) [spring-test-5.1.4.RELEASE.jar:5.1.4.RELEASE]
	at org.junit.runners.ParentRunner.run(ParentRunner.java:363) [junit-4.12.jar:4.12]
	at org.springframework.test.context.junit4.SpringJUnit4ClassRunner.run(SpringJUnit4ClassRunner.java:190) [spring-test-5.1.4.RELEASE.jar:5.1.4.RELEASE]
	at org.apache.maven.surefire.junit4.JUnit4Provider.execute(JUnit4Provider.java:365) [surefire-junit4-2.22.1.jar:2.22.1]
	at org.apache.maven.surefire.junit4.JUnit4Provider.executeWithRerun(JUnit4Provider.java:273) [surefire-junit4-2.22.1.jar:2.22.1]
	at org.apache.maven.surefire.junit4.JUnit4Provider.executeTestSet(JUnit4Provider.java:238) [surefire-junit4-2.22.1.jar:2.22.1]
	at org.apache.maven.surefire.junit4.JUnit4Provider.invoke(JUnit4Provider.java:159) [surefire-junit4-2.22.1.jar:2.22.1]
	at org.apache.maven.surefire.booter.ForkedBooter.invokeProviderInSameClassLoader(ForkedBooter.java:384) [surefire-booter-2.22.1.jar:2.22.1]
	at org.apache.maven.surefire.booter.ForkedBooter.runSuitesInProcess(ForkedBooter.java:345) [surefire-booter-2.22.1.jar:2.22.1]
	at org.apache.maven.surefire.booter.ForkedBooter.execute(ForkedBooter.java:126) [surefire-booter-2.22.1.jar:2.22.1]
	at org.apache.maven.surefire.booter.ForkedBooter.main(ForkedBooter.java:418) [surefire-booter-2.22.1.jar:2.22.1]
Caused by: java.lang.IllegalStateException: Invalid mapping on handler class [com.example.selenium.web.JmeterController]: public java.lang.String com.example.selenium.web.JmeterController.testGet(java.lang.String)
	at org.springframework.web.servlet.handler.AbstractHandlerMethodMapping.lambda$detectHandlerMethods$0(AbstractHandlerMethodMapping.java:274) ~[spring-webmvc-5.1.4.RELEASE.jar:5.1.4.RELEASE]
	at org.springframework.core.MethodIntrospector.lambda$selectMethods$0(MethodIntrospector.java:74) ~[spring-core-5.1.4.RELEASE.jar:5.1.4.RELEASE]
	at org.springframework.util.ReflectionUtils.doWithMethods(ReflectionUtils.java:589) ~[spring-core-5.1.4.RELEASE.jar:5.1.4.RELEASE]
	at org.springframework.core.MethodIntrospector.selectMethods(MethodIntrospector.java:72) ~[spring-core-5.1.4.RELEASE.jar:5.1.4.RELEASE]
	at org.springframework.web.servlet.handler.AbstractHandlerMethodMapping.detectHandlerMethods(AbstractHandlerMethodMapping.java:267) ~[spring-webmvc-5.1.4.RELEASE.jar:5.1.4.RELEASE]
	at org.springframework.web.servlet.handler.AbstractHandlerMethodMapping.processCandidateBean(AbstractHandlerMethodMapping.java:252) ~[spring-webmvc-5.1.4.RELEASE.jar:5.1.4.RELEASE]
	at org.springframework.web.servlet.handler.AbstractHandlerMethodMapping.initHandlerMethods(AbstractHandlerMethodMapping.java:211) ~[spring-webmvc-5.1.4.RELEASE.jar:5.1.4.RELEASE]
	at org.springframework.web.servlet.handler.AbstractHandlerMethodMapping.afterPropertiesSet(AbstractHandlerMethodMapping.java:199) ~[spring-webmvc-5.1.4.RELEASE.jar:5.1.4.RELEASE]
	at org.springframework.web.servlet.mvc.method.annotation.RequestMappingHandlerMapping.afterPropertiesSet(RequestMappingHandlerMapping.java:164) ~[spring-webmvc-5.1.4.RELEASE.jar:5.1.4.RELEASE]
	at org.springframework.beans.factory.support.AbstractAutowireCapableBeanFactory.invokeInitMethods(AbstractAutowireCapableBeanFactory.java:1804) ~[spring-beans-5.1.4.RELEASE.jar:5.1.4.RELEASE]
	at org.springframework.beans.factory.support.AbstractAutowireCapableBeanFactory.initializeBean(AbstractAutowireCapableBeanFactory.java:1741) ~[spring-beans-5.1.4.RELEASE.jar:5.1.4.RELEASE]
	... 42 common frames omitted
Caused by: java.lang.IllegalArgumentException: Could not resolve placeholder 'name' in value "/get/${name}"
	at org.springframework.util.PropertyPlaceholderHelper.parseStringValue(PropertyPlaceholderHelper.java:172) ~[spring-core-5.1.4.RELEASE.jar:5.1.4.RELEASE]
	at org.springframework.util.PropertyPlaceholderHelper.replacePlaceholders(PropertyPlaceholderHelper.java:124) ~[spring-core-5.1.4.RELEASE.jar:5.1.4.RELEASE]
	at org.springframework.core.env.AbstractPropertyResolver.doResolvePlaceholders(AbstractPropertyResolver.java:237) ~[spring-core-5.1.4.RELEASE.jar:5.1.4.RELEASE]
	at org.springframework.core.env.AbstractPropertyResolver.resolveRequiredPlaceholders(AbstractPropertyResolver.java:211) ~[spring-core-5.1.4.RELEASE.jar:5.1.4.RELEASE]
	at org.springframework.context.support.PropertySourcesPlaceholderConfigurer.lambda$processProperties$0(PropertySourcesPlaceholderConfigurer.java:175) ~[spring-context-5.1.4.RELEASE.jar:5.1.4.RELEASE]
	at org.springframework.beans.factory.support.AbstractBeanFactory.resolveEmbeddedValue(AbstractBeanFactory.java:851) ~[spring-beans-5.1.4.RELEASE.jar:5.1.4.RELEASE]
	at org.springframework.beans.factory.config.EmbeddedValueResolver.resolveStringValue(EmbeddedValueResolver.java:54) ~[spring-beans-5.1.4.RELEASE.jar:5.1.4.RELEASE]
	at org.springframework.web.servlet.mvc.method.annotation.RequestMappingHandlerMapping.resolveEmbeddedValuesInPatterns(RequestMappingHandlerMapping.java:329) ~[spring-webmvc-5.1.4.RELEASE.jar:5.1.4.RELEASE]
	at org.springframework.web.servlet.mvc.method.annotation.RequestMappingHandlerMapping.createRequestMappingInfo(RequestMappingHandlerMapping.java:305) ~[spring-webmvc-5.1.4.RELEASE.jar:5.1.4.RELEASE]
	at org.springframework.web.servlet.mvc.method.annotation.RequestMappingHandlerMapping.createRequestMappingInfo(RequestMappingHandlerMapping.java:260) ~[spring-webmvc-5.1.4.RELEASE.jar:5.1.4.RELEASE]
	at org.springframework.web.servlet.mvc.method.annotation.RequestMappingHandlerMapping.getMappingForMethod(RequestMappingHandlerMapping.java:220) ~[spring-webmvc-5.1.4.RELEASE.jar:5.1.4.RELEASE]
	at org.springframework.web.servlet.mvc.method.annotation.RequestMappingHandlerMapping.getMappingForMethod(RequestMappingHandlerMapping.java:60) ~[spring-webmvc-5.1.4.RELEASE.jar:5.1.4.RELEASE]
	at org.springframework.web.servlet.handler.AbstractHandlerMethodMapping.lambda$detectHandlerMethods$0(AbstractHandlerMethodMapping.java:270) ~[spring-webmvc-5.1.4.RELEASE.jar:5.1.4.RELEASE]
	... 52 common frames omitted

2019-03-08 16:03:44.728 ERROR 87768 --- [           main] o.s.test.context.TestContextManager      : Caught exception while allowing TestExecutionListener [org.springframework.test.context.web.ServletTestExecutionListener@130d63be] to prepare test instance [com.example.selenium.SeleniumApplicationTests@4893b344]

java.lang.IllegalStateException: Failed to load ApplicationContext
	at org.springframework.test.context.cache.DefaultCacheAwareContextLoaderDelegate.loadContext(DefaultCacheAwareContextLoaderDelegate.java:125) ~[spring-test-5.1.4.RELEASE.jar:5.1.4.RELEASE]
	at org.springframework.test.context.support.DefaultTestContext.getApplicationContext(DefaultTestContext.java:108) ~[spring-test-5.1.4.RELEASE.jar:5.1.4.RELEASE]
	at org.springframework.test.context.web.ServletTestExecutionListener.setUpRequestContextIfNecessary(ServletTestExecutionListener.java:190) ~[spring-test-5.1.4.RELEASE.jar:5.1.4.RELEASE]
	at org.springframework.test.context.web.ServletTestExecutionListener.prepareTestInstance(ServletTestExecutionListener.java:132) ~[spring-test-5.1.4.RELEASE.jar:5.1.4.RELEASE]
	at org.springframework.test.context.TestContextManager.prepareTestInstance(TestContextManager.java:246) ~[spring-test-5.1.4.RELEASE.jar:5.1.4.RELEASE]
	at org.springframework.test.context.junit4.SpringJUnit4ClassRunner.createTest(SpringJUnit4ClassRunner.java:227) [spring-test-5.1.4.RELEASE.jar:5.1.4.RELEASE]
	at org.springframework.test.context.junit4.SpringJUnit4ClassRunner$1.runReflectiveCall(SpringJUnit4ClassRunner.java:289) [spring-test-5.1.4.RELEASE.jar:5.1.4.RELEASE]
	at org.junit.internal.runners.model.ReflectiveCallable.run(ReflectiveCallable.java:12) [junit-4.12.jar:4.12]
	at org.springframework.test.context.junit4.SpringJUnit4ClassRunner.methodBlock(SpringJUnit4ClassRunner.java:291) [spring-test-5.1.4.RELEASE.jar:5.1.4.RELEASE]
	at org.springframework.test.context.junit4.SpringJUnit4ClassRunner.runChild(SpringJUnit4ClassRunner.java:246) [spring-test-5.1.4.RELEASE.jar:5.1.4.RELEASE]
	at org.springframework.test.context.junit4.SpringJUnit4ClassRunner.runChild(SpringJUnit4ClassRunner.java:97) [spring-test-5.1.4.RELEASE.jar:5.1.4.RELEASE]
	at org.junit.runners.ParentRunner$3.run(ParentRunner.java:290) [junit-4.12.jar:4.12]
	at org.junit.runners.ParentRunner$1.schedule(ParentRunner.java:71) [junit-4.12.jar:4.12]
	at org.junit.runners.ParentRunner.runChildren(ParentRunner.java:288) [junit-4.12.jar:4.12]
	at org.junit.runners.ParentRunner.access$000(ParentRunner.java:58) [junit-4.12.jar:4.12]
	at org.junit.runners.ParentRunner$2.evaluate(ParentRunner.java:268) [junit-4.12.jar:4.12]
	at org.springframework.test.context.junit4.statements.RunBeforeTestClassCallbacks.evaluate(RunBeforeTestClassCallbacks.java:61) [spring-test-5.1.4.RELEASE.jar:5.1.4.RELEASE]
	at org.springframework.test.context.junit4.statements.RunAfterTestClassCallbacks.evaluate(RunAfterTestClassCallbacks.java:70) [spring-test-5.1.4.RELEASE.jar:5.1.4.RELEASE]
	at org.junit.runners.ParentRunner.run(ParentRunner.java:363) [junit-4.12.jar:4.12]
	at org.springframework.test.context.junit4.SpringJUnit4ClassRunner.run(SpringJUnit4ClassRunner.java:190) [spring-test-5.1.4.RELEASE.jar:5.1.4.RELEASE]
	at org.apache.maven.surefire.junit4.JUnit4Provider.execute(JUnit4Provider.java:365) [surefire-junit4-2.22.1.jar:2.22.1]
	at org.apache.maven.surefire.junit4.JUnit4Provider.executeWithRerun(JUnit4Provider.java:273) [surefire-junit4-2.22.1.jar:2.22.1]
	at org.apache.maven.surefire.junit4.JUnit4Provider.executeTestSet(JUnit4Provider.java:238) [surefire-junit4-2.22.1.jar:2.22.1]
	at org.apache.maven.surefire.junit4.JUnit4Provider.invoke(JUnit4Provider.java:159) [surefire-junit4-2.22.1.jar:2.22.1]
	at org.apache.maven.surefire.booter.ForkedBooter.invokeProviderInSameClassLoader(ForkedBooter.java:384) [surefire-booter-2.22.1.jar:2.22.1]
	at org.apache.maven.surefire.booter.ForkedBooter.runSuitesInProcess(ForkedBooter.java:345) [surefire-booter-2.22.1.jar:2.22.1]
	at org.apache.maven.surefire.booter.ForkedBooter.execute(ForkedBooter.java:126) [surefire-booter-2.22.1.jar:2.22.1]
	at org.apache.maven.surefire.booter.ForkedBooter.main(ForkedBooter.java:418) [surefire-booter-2.22.1.jar:2.22.1]
Caused by: org.springframework.beans.factory.BeanCreationException: Error creating bean with name 'requestMappingHandlerMapping' defined in class path resource [org/springframework/boot/autoconfigure/web/servlet/WebMvcAutoConfiguration$EnableWebMvcConfiguration.class]: Invocation of init method failed; nested exception is java.lang.IllegalStateException: Invalid mapping on handler class [com.example.selenium.web.JmeterController]: public java.lang.String com.example.selenium.web.JmeterController.testGet(java.lang.String)
	at org.springframework.beans.factory.support.AbstractAutowireCapableBeanFactory.initializeBean(AbstractAutowireCapableBeanFactory.java:1745) ~[spring-beans-5.1.4.RELEASE.jar:5.1.4.RELEASE]
	at org.springframework.beans.factory.support.AbstractAutowireCapableBeanFactory.doCreateBean(AbstractAutowireCapableBeanFactory.java:576) ~[spring-beans-5.1.4.RELEASE.jar:5.1.4.RELEASE]
	at org.springframework.beans.factory.support.AbstractAutowireCapableBeanFactory.createBean(AbstractAutowireCapableBeanFactory.java:498) ~[spring-beans-5.1.4.RELEASE.jar:5.1.4.RELEASE]
	at org.springframework.beans.factory.support.AbstractBeanFactory.lambda$doGetBean$0(AbstractBeanFactory.java:320) ~[spring-beans-5.1.4.RELEASE.jar:5.1.4.RELEASE]
	at org.springframework.beans.factory.support.DefaultSingletonBeanRegistry.getSingleton(DefaultSingletonBeanRegistry.java:222) ~[spring-beans-5.1.4.RELEASE.jar:5.1.4.RELEASE]
	at org.springframework.beans.factory.support.AbstractBeanFactory.doGetBean(AbstractBeanFactory.java:318) ~[spring-beans-5.1.4.RELEASE.jar:5.1.4.RELEASE]
	at org.springframework.beans.factory.support.AbstractBeanFactory.getBean(AbstractBeanFactory.java:199) ~[spring-beans-5.1.4.RELEASE.jar:5.1.4.RELEASE]
	at org.springframework.beans.factory.support.DefaultListableBeanFactory.preInstantiateSingletons(DefaultListableBeanFactory.java:846) ~[spring-beans-5.1.4.RELEASE.jar:5.1.4.RELEASE]
	at org.springframework.context.support.AbstractApplicationContext.finishBeanFactoryInitialization(AbstractApplicationContext.java:863) ~[spring-context-5.1.4.RELEASE.jar:5.1.4.RELEASE]
	at org.springframework.context.support.AbstractApplicationContext.refresh(AbstractApplicationContext.java:546) ~[spring-context-5.1.4.RELEASE.jar:5.1.4.RELEASE]
	at org.springframework.boot.SpringApplication.refresh(SpringApplication.java:775) ~[spring-boot-2.1.2.RELEASE.jar:2.1.2.RELEASE]
	at org.springframework.boot.SpringApplication.refreshContext(SpringApplication.java:397) ~[spring-boot-2.1.2.RELEASE.jar:2.1.2.RELEASE]
	at org.springframework.boot.SpringApplication.run(SpringApplication.java:316) ~[spring-boot-2.1.2.RELEASE.jar:2.1.2.RELEASE]
	at org.springframework.boot.test.context.SpringBootContextLoader.loadContext(SpringBootContextLoader.java:127) ~[spring-boot-test-2.1.2.RELEASE.jar:2.1.2.RELEASE]
	at org.springframework.test.context.cache.DefaultCacheAwareContextLoaderDelegate.loadContextInternal(DefaultCacheAwareContextLoaderDelegate.java:99) ~[spring-test-5.1.4.RELEASE.jar:5.1.4.RELEASE]
	at org.springframework.test.context.cache.DefaultCacheAwareContextLoaderDelegate.loadContext(DefaultCacheAwareContextLoaderDelegate.java:117) ~[spring-test-5.1.4.RELEASE.jar:5.1.4.RELEASE]
	... 27 common frames omitted
Caused by: java.lang.IllegalStateException: Invalid mapping on handler class [com.example.selenium.web.JmeterController]: public java.lang.String com.example.selenium.web.JmeterController.testGet(java.lang.String)
	at org.springframework.web.servlet.handler.AbstractHandlerMethodMapping.lambda$detectHandlerMethods$0(AbstractHandlerMethodMapping.java:274) ~[spring-webmvc-5.1.4.RELEASE.jar:5.1.4.RELEASE]
	at org.springframework.core.MethodIntrospector.lambda$selectMethods$0(MethodIntrospector.java:74) ~[spring-core-5.1.4.RELEASE.jar:5.1.4.RELEASE]
	at org.springframework.util.ReflectionUtils.doWithMethods(ReflectionUtils.java:589) ~[spring-core-5.1.4.RELEASE.jar:5.1.4.RELEASE]
	at org.springframework.core.MethodIntrospector.selectMethods(MethodIntrospector.java:72) ~[spring-core-5.1.4.RELEASE.jar:5.1.4.RELEASE]
	at org.springframework.web.servlet.handler.AbstractHandlerMethodMapping.detectHandlerMethods(AbstractHandlerMethodMapping.java:267) ~[spring-webmvc-5.1.4.RELEASE.jar:5.1.4.RELEASE]
	at org.springframework.web.servlet.handler.AbstractHandlerMethodMapping.processCandidateBean(AbstractHandlerMethodMapping.java:252) ~[spring-webmvc-5.1.4.RELEASE.jar:5.1.4.RELEASE]
	at org.springframework.web.servlet.handler.AbstractHandlerMethodMapping.initHandlerMethods(AbstractHandlerMethodMapping.java:211) ~[spring-webmvc-5.1.4.RELEASE.jar:5.1.4.RELEASE]
	at org.springframework.web.servlet.handler.AbstractHandlerMethodMapping.afterPropertiesSet(AbstractHandlerMethodMapping.java:199) ~[spring-webmvc-5.1.4.RELEASE.jar:5.1.4.RELEASE]
	at org.springframework.web.servlet.mvc.method.annotation.RequestMappingHandlerMapping.afterPropertiesSet(RequestMappingHandlerMapping.java:164) ~[spring-webmvc-5.1.4.RELEASE.jar:5.1.4.RELEASE]
	at org.springframework.beans.factory.support.AbstractAutowireCapableBeanFactory.invokeInitMethods(AbstractAutowireCapableBeanFactory.java:1804) ~[spring-beans-5.1.4.RELEASE.jar:5.1.4.RELEASE]
	at org.springframework.beans.factory.support.AbstractAutowireCapableBeanFactory.initializeBean(AbstractAutowireCapableBeanFactory.java:1741) ~[spring-beans-5.1.4.RELEASE.jar:5.1.4.RELEASE]
	... 42 common frames omitted
Caused by: java.lang.IllegalArgumentException: Could not resolve placeholder 'name' in value "/get/${name}"
	at org.springframework.util.PropertyPlaceholderHelper.parseStringValue(PropertyPlaceholderHelper.java:172) ~[spring-core-5.1.4.RELEASE.jar:5.1.4.RELEASE]
	at org.springframework.util.PropertyPlaceholderHelper.replacePlaceholders(PropertyPlaceholderHelper.java:124) ~[spring-core-5.1.4.RELEASE.jar:5.1.4.RELEASE]
	at org.springframework.core.env.AbstractPropertyResolver.doResolvePlaceholders(AbstractPropertyResolver.java:237) ~[spring-core-5.1.4.RELEASE.jar:5.1.4.RELEASE]
	at org.springframework.core.env.AbstractPropertyResolver.resolveRequiredPlaceholders(AbstractPropertyResolver.java:211) ~[spring-core-5.1.4.RELEASE.jar:5.1.4.RELEASE]
	at org.springframework.context.support.PropertySourcesPlaceholderConfigurer.lambda$processProperties$0(PropertySourcesPlaceholderConfigurer.java:175) ~[spring-context-5.1.4.RELEASE.jar:5.1.4.RELEASE]
	at org.springframework.beans.factory.support.AbstractBeanFactory.resolveEmbeddedValue(AbstractBeanFactory.java:851) ~[spring-beans-5.1.4.RELEASE.jar:5.1.4.RELEASE]
	at org.springframework.beans.factory.config.EmbeddedValueResolver.resolveStringValue(EmbeddedValueResolver.java:54) ~[spring-beans-5.1.4.RELEASE.jar:5.1.4.RELEASE]
	at org.springframework.web.servlet.mvc.method.annotation.RequestMappingHandlerMapping.resolveEmbeddedValuesInPatterns(RequestMappingHandlerMapping.java:329) ~[spring-webmvc-5.1.4.RELEASE.jar:5.1.4.RELEASE]
	at org.springframework.web.servlet.mvc.method.annotation.RequestMappingHandlerMapping.createRequestMappingInfo(RequestMappingHandlerMapping.java:305) ~[spring-webmvc-5.1.4.RELEASE.jar:5.1.4.RELEASE]
	at org.springframework.web.servlet.mvc.method.annotation.RequestMappingHandlerMapping.createRequestMappingInfo(RequestMappingHandlerMapping.java:260) ~[spring-webmvc-5.1.4.RELEASE.jar:5.1.4.RELEASE]
	at org.springframework.web.servlet.mvc.method.annotation.RequestMappingHandlerMapping.getMappingForMethod(RequestMappingHandlerMapping.java:220) ~[spring-webmvc-5.1.4.RELEASE.jar:5.1.4.RELEASE]
	at org.springframework.web.servlet.mvc.method.annotation.RequestMappingHandlerMapping.getMappingForMethod(RequestMappingHandlerMapping.java:60) ~[spring-webmvc-5.1.4.RELEASE.jar:5.1.4.RELEASE]
	at org.springframework.web.servlet.handler.AbstractHandlerMethodMapping.lambda$detectHandlerMethods$0(AbstractHandlerMethodMapping.java:270) ~[spring-webmvc-5.1.4.RELEASE.jar:5.1.4.RELEASE]
	... 52 common frames omitted

]]></system-out>
    <system-err><![CDATA[Loading class `com.mysql.jdbc.Driver'. This is deprecated. The new driver class is `com.mysql.cj.jdbc.Driver'. The driver is automatically registered via the SPI and manual loading of the driver class is generally unnecessary.
]]></system-err>
  </testcase>
</testsuite>